#
# There is insufficient memory for the Java Runtime Environment to continue.
# Native memory allocation (malloc) failed to allocate 1048576 bytes for AllocateHeap
# Possible reasons:
#   The system is out of physical RAM or swap space
#   In 32 bit mode, the process size limit was hit
# Possible solutions:
#   Reduce memory load on the system
#   Increase physical memory or swap space
#   Check if swap backing store is full
#   Use 64 bit Java on a 64 bit OS
#   Decrease Java heap size (-Xmx/-Xms)
#   Decrease number of Java threads
#   Decrease Java thread stack sizes (-Xss)
#   Set larger code cache with -XX:ReservedCodeCacheSize=
# This output file may be truncated or incomplete.
#
#  Out of Memory Error (memory/allocation.inline.hpp:61), pid=16196, tid=0x0000000000004474
#
# JRE version:  (8.0_181-b13) (build )
# Java VM: Java HotSpot(TM) 64-Bit Server VM (25.181-b13 mixed mode windows-amd64 compressed oops)
# Failed to write core dump. Minidumps are not enabled by default on client versions of Windows
#

---------------  T H R E A D  ---------------

Current thread (0x0000000000c8d800):  JavaThread "Unknown thread" [_thread_in_vm, id=17524, stack(0x00000000024d0000,0x00000000025d0000)]

Stack: [0x00000000024d0000,0x00000000025d0000]
[error occurred during error reporting (printing stack bounds), id 0xc0000005]

Native frames: (J=compiled Java code, j=interpreted, Vv=VM code, C=native code)


---------------  P R O C E S S  ---------------

Java Threads: ( => current thread )

Other Threads:

=>0x0000000000c8d800 (exited) JavaThread "Unknown thread" [_thread_in_vm, id=17524, stack(0x00000000024d0000,0x00000000025d0000)]

VM state:not at safepoint (normal execution)

VM Mutex/Monitor currently owned by a thread: None

Heap:
 PSYoungGen      total 18432K, used 317K [0x00000000eb580000, 0x00000000eca00000, 0x0000000100000000)
  eden space 15872K, 2% used [0x00000000eb580000,0x00000000eb5cf5d0,0x00000000ec500000)
  from space 2560K, 0% used [0x00000000ec780000,0x00000000ec780000,0x00000000eca00000)
  to   space 2560K, 0% used [0x00000000ec500000,0x00000000ec500000,0x00000000ec780000)
 ParOldGen       total 42496K, used 0K [0x00000000c2000000, 0x00000000c4980000, 0x00000000eb580000)
  object space 42496K, 0% used [0x00000000c2000000,0x00000000c2000000,0x00000000c4980000)
 Metaspace       used 751K, capacity 4480K, committed 4480K, reserved 1056768K
  class space    used 76K, capacity 384K, committed 384K, reserved 1048576K

Card table byte_map: [0x0000000011a90000,0x0000000011c90000] byte_map_base: 0x0000000011480000

Marking Bits: (ParMarkBitMap*) 0x000000005a882d00
 Begin Bits: [0x00000000121e0000, 0x0000000013160000)
 End Bits:   [0x0000000013160000, 0x00000000140e0000)

Polling page: 0x0000000000c70000

CodeCache: size=245760Kb used=328Kb max_used=328Kb free=245431Kb
 bounds [0x00000000026d0000, 0x0000000002940000, 0x00000000116d0000]
 total_blobs=58 nmethods=0 adapters=38
 compilation: enabled

Compilation events (0 events):
No events

GC Heap History (0 events):
No events

Deoptimization events (0 events):
No events

Classes redefined (0 events):
No events

Internal exceptions (0 events):
No events

Events (10 events):
Event: 0.050 loading class java/lang/Short
Event: 0.050 loading class java/lang/Short done
Event: 0.050 loading class java/lang/Integer
Event: 0.050 loading class java/lang/Integer done
Event: 0.050 loading class java/lang/Long
Event: 0.050 loading class java/lang/Long done
Event: 0.051 loading class java/lang/NullPointerException
Event: 0.051 loading class java/lang/NullPointerException done
Event: 0.051 loading class java/lang/ArithmeticException
Event: 0.051 loading class java/lang/ArithmeticException done


Dynamic libraries:
0x00007ff6134c0000 - 0x00007ff6134f7000 	C:\Program Files\Java\jre1.8.0_181\bin\javaw.exe
0x00007ffbb19a0000 - 0x00007ffbb1b71000 	C:\Windows\SYSTEM32\ntdll.dll
0x00007ffbaef40000 - 0x00007ffbaefeb000 	C:\Windows\System32\KERNEL32.DLL
0x00007ffbaea90000 - 0x00007ffbaecad000 	C:\Windows\System32\KERNELBASE.dll
0x00007ffbb1630000 - 0x00007ffbb16d2000 	C:\Windows\System32\ADVAPI32.dll
0x00007ffbb1590000 - 0x00007ffbb162e000 	C:\Windows\System32\msvcrt.dll
0x00007ffbb1190000 - 0x00007ffbb11e9000 	C:\Windows\System32\sechost.dll
0x00007ffbb1700000 - 0x00007ffbb1821000 	C:\Windows\System32\RPCRT4.dll
0x00007ffbb1830000 - 0x00007ffbb1995000 	C:\Windows\System32\USER32.dll
0x00007ffbae810000 - 0x00007ffbae82e000 	C:\Windows\System32\win32u.dll
0x00007ffbaf050000 - 0x00007ffbaf084000 	C:\Windows\System32\GDI32.dll
0x00007ffbae680000 - 0x00007ffbae802000 	C:\Windows\System32\gdi32full.dll
0x00007ffba4310000 - 0x00007ffba4589000 	C:\Windows\WinSxS\amd64_microsoft.windows.common-controls_6595b64144ccf1df_6.0.14393.447_none_42191651c6827bb3\COMCTL32.dll
0x00007ffbb12c0000 - 0x00007ffbb1588000 	C:\Windows\System32\combase.dll
0x00007ffbae890000 - 0x00007ffbae985000 	C:\Windows\System32\ucrtbase.dll
0x00007ffbade90000 - 0x00007ffbadefa000 	C:\Windows\System32\bcryptPrimitives.dll
0x00007ffbb1160000 - 0x00007ffbb118e000 	C:\Windows\System32\IMM32.DLL
0x000000005b410000 - 0x000000005b4e2000 	C:\Program Files\Java\jre1.8.0_181\bin\msvcr100.dll
0x000000005a060000 - 0x000000005a902000 	C:\Program Files\Java\jre1.8.0_181\bin\server\jvm.dll
0x00007ffbb16f0000 - 0x00007ffbb16f8000 	C:\Windows\System32\PSAPI.DLL
0x00007ffba2c70000 - 0x00007ffba2c79000 	C:\Windows\SYSTEM32\WSOCK32.dll
0x00007ffbac290000 - 0x00007ffbac2b3000 	C:\Windows\SYSTEM32\WINMM.dll
0x00007ffbb11f0000 - 0x00007ffbb125a000 	C:\Windows\System32\WS2_32.dll
0x00007ffba5c10000 - 0x00007ffba5c1a000 	C:\Windows\SYSTEM32\VERSION.dll
0x00007ffbac1d0000 - 0x00007ffbac1fb000 	C:\Windows\SYSTEM32\WINMMBASE.dll
0x00007ffbaea40000 - 0x00007ffbaea82000 	C:\Windows\System32\cfgmgr32.dll
0x000000005b5d0000 - 0x000000005b5df000 	C:\Program Files\Java\jre1.8.0_181\bin\verify.dll
0x000000005b5a0000 - 0x000000005b5c9000 	C:\Program Files\Java\jre1.8.0_181\bin\java.dll
0x000000005b580000 - 0x000000005b596000 	C:\Program Files\Java\jre1.8.0_181\bin\zip.dll

VM Arguments:
jvm_args: -Dfile.encoding=Cp1252 
java_command: notepad.NotePad
java_class_path (initial): C:\Users\Dell\eclipse-workspace\notepad\bin
Launcher Type: SUN_STANDARD

Environment Variables:
PATH=C:/Program Files/Java/jre1.8.0_181/bin/server;C:/Program Files/Java/jre1.8.0_181/bin;C:/Program Files/Java/jre1.8.0_181/lib/amd64;C:\Program Files (x86)\Common Files\Oracle\Java\javapath;C:\Program Files (x86)\Intel\iCLS Client\;C:\Program Files\Intel\iCLS Client\;C:\Windows\system32;C:\Windows;C:\Windows\System32\Wbem;C:\Windows\System32\WindowsPowerShell\v1.0\;C:\Program Files (x86)\Intel\Intel(R) Management Engine Components\DAL;C:\Program Files\Intel\Intel(R) Management Engine Components\DAL;C:\Program Files (x86)\Intel\Intel(R) Management Engine Components\IPT;C:\Program Files\Intel\Intel(R) Management Engine Components\IPT;C:\Program Files\Java\jdk1.8.0_181\bin;C:\Users\Dell\java-2018-093\eclipse;
USERNAME=Dell
OS=Windows_NT
PROCESSOR_IDENTIFIER=Intel64 Family 6 Model 78 Stepping 3, GenuineIntel



---------------  S Y S T E M  ---------------

OS: Windows 10.0 , 64 bit Build 14393 (10.0.14393.0)

CPU:total 4 (initial active 4) (2 cores per cpu, 2 threads per core) family 6 model 78 stepping 3, cmov, cx8, fxsr, mmx, sse, sse2, sse3, ssse3, sse4.1, sse4.2, popcnt, avx, avx2, aes, clmul, erms, 3dnowpref, lzcnt, ht, tsc, tscinvbit, bmi1, bmi2, adx

Memory: 4k page, physical 4060300k(826876k free), swap 16643212k(5928k free)

vm_info: Java HotSpot(TM) 64-Bit Server VM (25.181-b13) for windows-amd64 JRE (1.8.0_181-b13), built on Jul  7 2018 04:01:33 by "java_re" with MS VC++ 10.0 (VS2010)

time: Fri Nov 16 21:54:29 2018
elapsed time: 0 seconds (0d 0h 0m 0s)

