#
# There is insufficient memory for the Java Runtime Environment to continue.
# Native memory allocation (malloc) failed to allocate 1048576 bytes for AllocateHeap
# Possible reasons:
#   The system is out of physical RAM or swap space
#   In 32 bit mode, the process size limit was hit
# Possible solutions:
#   Reduce memory load on the system
#   Increase physical memory or swap space
#   Check if swap backing store is full
#   Use 64 bit Java on a 64 bit OS
#   Decrease Java heap size (-Xmx/-Xms)
#   Decrease number of Java threads
#   Decrease Java thread stack sizes (-Xss)
#   Set larger code cache with -XX:ReservedCodeCacheSize=
# This output file may be truncated or incomplete.
#
#  Out of Memory Error (memory/allocation.inline.hpp:61), pid=8172, tid=0x00000000000018b0
#
# JRE version:  (8.0_181-b13) (build )
# Java VM: Java HotSpot(TM) 64-Bit Server VM (25.181-b13 mixed mode windows-amd64 compressed oops)
# Failed to write core dump. Minidumps are not enabled by default on client versions of Windows
#

---------------  T H R E A D  ---------------

Current thread (0x000000000113d800):  JavaThread "Unknown thread" [_thread_in_vm, id=6320, stack(0x0000000002e20000,0x0000000002f20000)]

Stack: [0x0000000002e20000,0x0000000002f20000]
[error occurred during error reporting (printing stack bounds), id 0xc0000005]

Native frames: (J=compiled Java code, j=interpreted, Vv=VM code, C=native code)


---------------  P R O C E S S  ---------------

Java Threads: ( => current thread )

Other Threads:

=>0x000000000113d800 (exited) JavaThread "Unknown thread" [_thread_in_vm, id=6320, stack(0x0000000002e20000,0x0000000002f20000)]

VM state:not at safepoint (normal execution)

VM Mutex/Monitor currently owned by a thread: None

Heap:
 PSYoungGen      total 18432K, used 317K [0x00000000eb580000, 0x00000000eca00000, 0x0000000100000000)
  eden space 15872K, 2% used [0x00000000eb580000,0x00000000eb5cf5d0,0x00000000ec500000)
  from space 2560K, 0% used [0x00000000ec780000,0x00000000ec780000,0x00000000eca00000)
  to   space 2560K, 0% used [0x00000000ec500000,0x00000000ec500000,0x00000000ec780000)
 ParOldGen       total 42496K, used 0K [0x00000000c2000000, 0x00000000c4980000, 0x00000000eb580000)
  object space 42496K, 0% used [0x00000000c2000000,0x00000000c2000000,0x00000000c4980000)
 Metaspace       used 751K, capacity 4480K, committed 4480K, reserved 1056768K
  class space    used 76K, capacity 384K, committed 384K, reserved 1048576K

Card table byte_map: [0x00000000123e0000,0x00000000125e0000] byte_map_base: 0x0000000011dd0000

Marking Bits: (ParMarkBitMap*) 0x00000000618d2d00
 Begin Bits: [0x0000000012b30000, 0x0000000013ab0000)
 End Bits:   [0x0000000013ab0000, 0x0000000014a30000)

Polling page: 0x0000000000dd0000

CodeCache: size=245760Kb used=328Kb max_used=328Kb free=245431Kb
 bounds [0x0000000003020000, 0x0000000003290000, 0x0000000012020000]
 total_blobs=58 nmethods=0 adapters=38
 compilation: enabled

Compilation events (0 events):
No events

GC Heap History (0 events):
No events

Deoptimization events (0 events):
No events

Classes redefined (0 events):
No events

Internal exceptions (0 events):
No events

Events (10 events):
Event: 0.062 loading class java/lang/Short
Event: 0.062 loading class java/lang/Short done
Event: 0.062 loading class java/lang/Integer
Event: 0.063 loading class java/lang/Integer done
Event: 0.063 loading class java/lang/Long
Event: 0.063 loading class java/lang/Long done
Event: 0.064 loading class java/lang/NullPointerException
Event: 0.064 loading class java/lang/NullPointerException done
Event: 0.064 loading class java/lang/ArithmeticException
Event: 0.064 loading class java/lang/ArithmeticException done


Dynamic libraries:
0x00007ff72ab10000 - 0x00007ff72ab47000 	C:\Program Files\Java\jre1.8.0_181\bin\javaw.exe
0x00007ff9e6150000 - 0x00007ff9e6321000 	C:\Windows\SYSTEM32\ntdll.dll
0x00007ff9e4770000 - 0x00007ff9e481b000 	C:\Windows\System32\KERNEL32.DLL
0x00007ff9e3330000 - 0x00007ff9e354d000 	C:\Windows\System32\KERNELBASE.dll
0x00007ff9e3d90000 - 0x00007ff9e3e32000 	C:\Windows\System32\ADVAPI32.dll
0x00007ff9e3e80000 - 0x00007ff9e3f1e000 	C:\Windows\System32\msvcrt.dll
0x00007ff9e3f20000 - 0x00007ff9e3f79000 	C:\Windows\System32\sechost.dll
0x00007ff9e5da0000 - 0x00007ff9e5ec1000 	C:\Windows\System32\RPCRT4.dll
0x00007ff9e5fc0000 - 0x00007ff9e6125000 	C:\Windows\System32\USER32.dll
0x00007ff9e3310000 - 0x00007ff9e332e000 	C:\Windows\System32\win32u.dll
0x00007ff9e3e40000 - 0x00007ff9e3e74000 	C:\Windows\System32\GDI32.dll
0x00007ff9e3550000 - 0x00007ff9e36d2000 	C:\Windows\System32\gdi32full.dll
0x00007ff9d9f10000 - 0x00007ff9da189000 	C:\Windows\WinSxS\amd64_microsoft.windows.common-controls_6595b64144ccf1df_6.0.14393.447_none_42191651c6827bb3\COMCTL32.dll
0x00007ff9e3780000 - 0x00007ff9e3a48000 	C:\Windows\System32\combase.dll
0x00007ff9e2b30000 - 0x00007ff9e2c25000 	C:\Windows\System32\ucrtbase.dll
0x00007ff9e28f0000 - 0x00007ff9e295a000 	C:\Windows\System32\bcryptPrimitives.dll
0x00007ff9e3a60000 - 0x00007ff9e3a8e000 	C:\Windows\System32\IMM32.DLL
0x0000000060800000 - 0x00000000608d2000 	C:\Program Files\Java\jre1.8.0_181\bin\msvcr100.dll
0x00000000610b0000 - 0x0000000061952000 	C:\Program Files\Java\jre1.8.0_181\bin\server\jvm.dll
0x00007ff9e5f30000 - 0x00007ff9e5f38000 	C:\Windows\System32\PSAPI.DLL
0x00007ff9da4e0000 - 0x00007ff9da4ea000 	C:\Windows\SYSTEM32\VERSION.dll
0x00007ff9e04a0000 - 0x00007ff9e04c3000 	C:\Windows\SYSTEM32\WINMM.dll
0x00007ff9d9110000 - 0x00007ff9d9119000 	C:\Windows\SYSTEM32\WSOCK32.dll
0x00007ff9e5d30000 - 0x00007ff9e5d9a000 	C:\Windows\System32\WS2_32.dll
0x00007ff9e0440000 - 0x00007ff9e046b000 	C:\Windows\SYSTEM32\WINMMBASE.dll
0x00007ff9e2640000 - 0x00007ff9e2682000 	C:\Windows\System32\cfgmgr32.dll
0x0000000062df0000 - 0x0000000062dff000 	C:\Program Files\Java\jre1.8.0_181\bin\verify.dll
0x0000000061bb0000 - 0x0000000061bd9000 	C:\Program Files\Java\jre1.8.0_181\bin\java.dll
0x0000000061b90000 - 0x0000000061ba6000 	C:\Program Files\Java\jre1.8.0_181\bin\zip.dll

VM Arguments:
jvm_args: -Dfile.encoding=Cp1252 
java_command: project.Project
java_class_path (initial): C:\Users\Dell\eclipse-workspace\Institute_Management_Project\bin;C:\Users\Dell\eclipse\mysql-connector-java-8.0.13\mysql-connector-java-8.0.13.jar;C:\Users\Dell\Desktop\jcalendar-1.4\lib\jcalendar-1.4.jar
Launcher Type: SUN_STANDARD

Environment Variables:
PATH=C:/Program Files/Java/jre1.8.0_181/bin/server;C:/Program Files/Java/jre1.8.0_181/bin;C:/Program Files/Java/jre1.8.0_181/lib/amd64;C:\Program Files (x86)\Common Files\Oracle\Java\javapath;C:\Program Files (x86)\Intel\iCLS Client\;C:\Program Files\Intel\iCLS Client\;C:\Windows\system32;C:\Windows;C:\Windows\System32\Wbem;C:\Windows\System32\WindowsPowerShell\v1.0\;C:\Program Files (x86)\Intel\Intel(R) Management Engine Components\DAL;C:\Program Files\Intel\Intel(R) Management Engine Components\DAL;C:\Program Files (x86)\Intel\Intel(R) Management Engine Components\IPT;C:\Program Files\Intel\Intel(R) Management Engine Components\IPT;C:\Program Files\Java\jdk1.8.0_181\bin;C:\Users\Dell\java-2018-093\eclipse;
USERNAME=Dell
OS=Windows_NT
PROCESSOR_IDENTIFIER=Intel64 Family 6 Model 78 Stepping 3, GenuineIntel



---------------  S Y S T E M  ---------------

OS: Windows 10.0 , 64 bit Build 14393 (10.0.14393.0)

CPU:total 4 (initial active 4) (2 cores per cpu, 2 threads per core) family 6 model 78 stepping 3, cmov, cx8, fxsr, mmx, sse, sse2, sse3, ssse3, sse4.1, sse4.2, popcnt, avx, avx2, aes, clmul, erms, 3dnowpref, lzcnt, ht, tsc, tscinvbit, bmi1, bmi2, adx

Memory: 4k page, physical 4060300k(1081116k free), swap 16643212k(3732k free)

vm_info: Java HotSpot(TM) 64-Bit Server VM (25.181-b13) for windows-amd64 JRE (1.8.0_181-b13), built on Jul  7 2018 04:01:33 by "java_re" with MS VC++ 10.0 (VS2010)

time: Fri Dec 21 22:50:55 2018
elapsed time: 0 seconds (0d 0h 0m 0s)

