#
# There is insufficient memory for the Java Runtime Environment to continue.
# Native memory allocation (malloc) failed to allocate 237136 bytes for Chunk::new
# Possible reasons:
#   The system is out of physical RAM or swap space
#   In 32 bit mode, the process size limit was hit
# Possible solutions:
#   Reduce memory load on the system
#   Increase physical memory or swap space
#   Check if swap backing store is full
#   Use 64 bit Java on a 64 bit OS
#   Decrease Java heap size (-Xmx/-Xms)
#   Decrease number of Java threads
#   Decrease Java thread stack sizes (-Xss)
#   Set larger code cache with -XX:ReservedCodeCacheSize=
# This output file may be truncated or incomplete.
#
#  Out of Memory Error (allocation.cpp:390), pid=10284, tid=0x0000000000006cb4
#
# JRE version: Java(TM) SE Runtime Environment (8.0_181-b13) (build 1.8.0_181-b13)
# Java VM: Java HotSpot(TM) 64-Bit Server VM (25.181-b13 mixed mode windows-amd64 compressed oops)
# Failed to write core dump. Minidumps are not enabled by default on client versions of Windows
#

---------------  T H R E A D  ---------------

Current thread (0x000000001516d000):  JavaThread "C2 CompilerThread0" daemon [_thread_in_native, id=27828, stack(0x00000000167d0000,0x00000000168d0000)]

Stack: [0x00000000167d0000,0x00000000168d0000]
[error occurred during error reporting (printing stack bounds), id 0xc0000005]

Native frames: (J=compiled Java code, j=interpreted, Vv=VM code, C=native code)


Current CompileTask:
C2:   9344 1297   !   4       sun.awt.image.ImageRepresentation::getOpaqueRGBImage (164 bytes)


---------------  P R O C E S S  ---------------

Java Threads: ( => current thread )
  0x00000000179be800 JavaThread "Image Fetcher 0" daemon [_thread_blocked, id=13928, stack(0x0000000019be0000,0x0000000019ce0000)]
  0x0000000017793800 JavaThread "TimerQueue" daemon [_thread_blocked, id=26872, stack(0x00000000184d0000,0x00000000185d0000)]
  0x00000000028ed800 JavaThread "DestroyJavaVM" [_thread_blocked, id=20856, stack(0x00000000029d0000,0x0000000002ad0000)]
  0x0000000016e70800 JavaThread "AWT-EventQueue-0" [_thread_blocked, id=25332, stack(0x00000000175c0000,0x00000000176c0000)]
  0x0000000016e6b800 JavaThread "AWT-Windows" daemon [_thread_in_native, id=27628, stack(0x0000000017400000,0x0000000017500000)]
  0x0000000016e68800 JavaThread "AWT-Shutdown" [_thread_blocked, id=11692, stack(0x0000000017300000,0x0000000017400000)]
  0x0000000016e68000 JavaThread "Java2D Disposer" daemon [_thread_blocked, id=22416, stack(0x0000000017200000,0x0000000017300000)]
  0x0000000016afe000 JavaThread "Service Thread" daemon [_thread_blocked, id=9912, stack(0x0000000016ed0000,0x0000000016fd0000)]
  0x000000001517a000 JavaThread "C1 CompilerThread2" daemon [_thread_in_native, id=29320, stack(0x00000000169d0000,0x0000000016ad0000)]
  0x0000000015171800 JavaThread "C2 CompilerThread1" daemon [_thread_in_native, id=23628, stack(0x00000000168d0000,0x00000000169d0000)]
=>0x000000001516d000 JavaThread "C2 CompilerThread0" daemon [_thread_in_native, id=27828, stack(0x00000000167d0000,0x00000000168d0000)]
  0x000000001516a800 JavaThread "Attach Listener" daemon [_thread_blocked, id=22272, stack(0x00000000166d0000,0x00000000167d0000)]
  0x0000000015169800 JavaThread "Signal Dispatcher" daemon [_thread_blocked, id=19648, stack(0x00000000165d0000,0x00000000166d0000)]
  0x0000000002bcb000 JavaThread "Finalizer" daemon [_thread_blocked, id=11992, stack(0x00000000163e0000,0x00000000164e0000)]
  0x0000000002bc0000 JavaThread "Reference Handler" daemon [_thread_blocked, id=9508, stack(0x00000000162e0000,0x00000000163e0000)]

Other Threads:
  0x0000000015138000 VMThread [stack: 0x00000000161e0000,0x00000000162e0000] [id=11808]
  0x0000000016b17000 WatcherThread [stack: 0x0000000016fd0000,0x00000000170d0000] [id=16056]

VM state:at safepoint (normal execution)

VM Mutex/Monitor currently owned by a thread:  ([mutex/lock_event])
[0x00000000028ec5b0] Threads_lock - owner thread: 0x0000000015138000
[0x00000000028ec8b0] Heap_lock - owner thread: 0x00000000179be800

Heap:
 PSYoungGen      total 18432K, used 15120K [0x00000000eb580000, 0x00000000eca00000, 0x0000000100000000)
  eden space 15872K, 95% used [0x00000000eb580000,0x00000000ec4442e8,0x00000000ec500000)
  from space 2560K, 0% used [0x00000000ec780000,0x00000000ec780000,0x00000000eca00000)
  to   space 2560K, 0% used [0x00000000ec500000,0x00000000ec500000,0x00000000ec780000)
 ParOldGen       total 56320K, used 55349K [0x00000000c2000000, 0x00000000c5700000, 0x00000000eb580000)
  object space 56320K, 98% used [0x00000000c2000000,0x00000000c560d4f0,0x00000000c5700000)
 Metaspace       used 11544K, capacity 11784K, committed 12032K, reserved 1060864K
  class space    used 1417K, capacity 1512K, committed 1536K, reserved 1048576K

Card table byte_map: [0x0000000011f90000,0x0000000012190000] byte_map_base: 0x0000000011980000

Marking Bits: (ParMarkBitMap*) 0x00000000618d2d00
 Begin Bits: [0x00000000126e0000, 0x0000000013660000)
 End Bits:   [0x0000000013660000, 0x00000000145e0000)

Polling page: 0x00000000028b0000

CodeCache: size=245760Kb used=4430Kb max_used=4442Kb free=241329Kb
 bounds [0x0000000002bd0000, 0x0000000003030000, 0x0000000011bd0000]
 total_blobs=1765 nmethods=1284 adapters=393
 compilation: enabled

Compilation events (10 events):
Event: 9.276 Thread 0x000000001517a000 1310       3       javax.swing.text.html.StyleSheet$BoxPainter::<init> (117 bytes)
Event: 9.278 Thread 0x000000001517a000 nmethod 1310 0x0000000002d7eed0 code [0x0000000002d7f1a0, 0x0000000002d80408]
Event: 9.278 Thread 0x000000001517a000 1311       3       javax.swing.text.html.StyleSheet$BoxPainter::getBorder (9 bytes)
Event: 9.278 Thread 0x000000001517a000 nmethod 1311 0x0000000002d42a10 code [0x0000000002d42b80, 0x0000000002d42e50]
Event: 9.278 Thread 0x000000001517a000 1312       3       javax.swing.text.html.CSSBorder::<init> (10 bytes)
Event: 9.278 Thread 0x000000001517a000 nmethod 1312 0x0000000002d42590 code [0x0000000002d42700, 0x0000000002d42930]
Event: 9.279 Thread 0x000000001517a000 1313       3       javax.swing.text.html.StyleSheet::getBackgroundImage (28 bytes)
Event: 9.279 Thread 0x000000001517a000 nmethod 1313 0x0000000002d7e810 code [0x0000000002d7e9a0, 0x0000000002d7ed78]
Event: 9.280 Thread 0x0000000015171800 nmethod 1300 0x0000000002d7da50 code [0x0000000002d7dc00, 0x0000000002d7e1e8]
Event: 9.280 Thread 0x0000000015171800 1301       4       java.lang.String::replace (127 bytes)

GC Heap History (10 events):
Event: 8.456 GC heap before
{Heap before GC invocations=11 (full 9):
 PSYoungGen      total 18432K, used 15872K [0x00000000eb580000, 0x00000000eca00000, 0x0000000100000000)
  eden space 15872K, 100% used [0x00000000eb580000,0x00000000ec500000,0x00000000ec500000)
  from space 2560K, 0% used [0x00000000ec780000,0x00000000ec780000,0x00000000eca00000)
  to   space 2560K, 0% used [0x00000000ec500000,0x00000000ec500000,0x00000000ec780000)
 ParOldGen       total 52224K, used 51678K [0x00000000c2000000, 0x00000000c5300000, 0x00000000eb580000)
  object space 52224K, 98% used [0x00000000c2000000,0x00000000c5277860,0x00000000c5300000)
 Metaspace       used 11517K, capacity 11688K, committed 11776K, reserved 1058816K
  class space    used 1414K, capacity 1480K, committed 1536K, reserved 1048576K
Event: 8.471 GC heap after
Heap after GC invocations=11 (full 9):
 PSYoungGen      total 18432K, used 11644K [0x00000000eb580000, 0x00000000eca00000, 0x0000000100000000)
  eden space 15872K, 73% used [0x00000000eb580000,0x00000000ec0df1f8,0x00000000ec500000)
  from space 2560K, 0% used [0x00000000ec780000,0x00000000ec780000,0x00000000eca00000)
  to   space 2560K, 0% used [0x00000000ec500000,0x00000000ec500000,0x00000000ec780000)
 ParOldGen       total 52224K, used 51678K [0x00000000c2000000, 0x00000000c5300000, 0x00000000eb580000)
  object space 52224K, 98% used [0x00000000c2000000,0x00000000c5277860,0x00000000c5300000)
 Metaspace       used 11517K, capacity 11688K, committed 11776K, reserved 1058816K
  class space    used 1414K, capacity 1480K, committed 1536K, reserved 1048576K
}
Event: 8.646 GC heap before
{Heap before GC invocations=12 (full 10):
 PSYoungGen      total 18432K, used 15370K [0x00000000eb580000, 0x00000000eca00000, 0x0000000100000000)
  eden space 15872K, 96% used [0x00000000eb580000,0x00000000ec482870,0x00000000ec500000)
  from space 2560K, 0% used [0x00000000ec780000,0x00000000ec780000,0x00000000eca00000)
  to   space 2560K, 0% used [0x00000000ec500000,0x00000000ec500000,0x00000000ec780000)
 ParOldGen       total 52224K, used 51678K [0x00000000c2000000, 0x00000000c5300000, 0x00000000eb580000)
  object space 52224K, 98% used [0x00000000c2000000,0x00000000c5277860,0x00000000c5300000)
 Metaspace       used 11530K, capacity 11720K, committed 11776K, reserved 1058816K
  class space    used 1416K, capacity 1512K, committed 1536K, reserved 1048576K
Event: 8.660 GC heap after
Heap after GC invocations=12 (full 10):
 PSYoungGen      total 18432K, used 11672K [0x00000000eb580000, 0x00000000eca00000, 0x0000000100000000)
  eden space 15872K, 73% used [0x00000000eb580000,0x00000000ec0e6310,0x00000000ec500000)
  from space 2560K, 0% used [0x00000000ec780000,0x00000000ec780000,0x00000000eca00000)
  to   space 2560K, 0% used [0x00000000ec500000,0x00000000ec500000,0x00000000ec780000)
 ParOldGen       total 52224K, used 51678K [0x00000000c2000000, 0x00000000c5300000, 0x00000000eb580000)
  object space 52224K, 98% used [0x00000000c2000000,0x00000000c5277860,0x00000000c5300000)
 Metaspace       used 11530K, capacity 11720K, committed 11776K, reserved 1058816K
  class space    used 1416K, capacity 1512K, committed 1536K, reserved 1048576K
}
Event: 8.660 GC heap before
{Heap before GC invocations=13 (full 11):
 PSYoungGen      total 18432K, used 11672K [0x00000000eb580000, 0x00000000eca00000, 0x0000000100000000)
  eden space 15872K, 73% used [0x00000000eb580000,0x00000000ec0e6310,0x00000000ec500000)
  from space 2560K, 0% used [0x00000000ec780000,0x00000000ec780000,0x00000000eca00000)
  to   space 2560K, 0% used [0x00000000ec500000,0x00000000ec500000,0x00000000ec780000)
 ParOldGen       total 52224K, used 51678K [0x00000000c2000000, 0x00000000c5300000, 0x00000000eb580000)
  object space 52224K, 98% used [0x00000000c2000000,0x00000000c5277860,0x00000000c5300000)
 Metaspace       used 11530K, capacity 11720K, committed 11776K, reserved 1058816K
  class space    used 1416K, capacity 1512K, committed 1536K, reserved 1048576K
Event: 8.673 GC heap after
Heap after GC invocations=13 (full 11):
 PSYoungGen      total 18432K, used 11657K [0x00000000eb580000, 0x00000000eca00000, 0x0000000100000000)
  eden space 15872K, 73% used [0x00000000eb580000,0x00000000ec0e2618,0x00000000ec500000)
  from space 2560K, 0% used [0x00000000ec780000,0x00000000ec780000,0x00000000eca00000)
  to   space 2560K, 0% used [0x00000000ec500000,0x00000000ec500000,0x00000000ec780000)
 ParOldGen       total 52224K, used 51678K [0x00000000c2000000, 0x00000000c5300000, 0x00000000eb580000)
  object space 52224K, 98% used [0x00000000c2000000,0x00000000c5277860,0x00000000c5300000)
 Metaspace       used 11530K, capacity 11720K, committed 11776K, reserved 1058816K
  class space    used 1416K, capacity 1512K, committed 1536K, reserved 1048576K
}
Event: 8.677 GC heap before
{Heap before GC invocations=14 (full 12):
 PSYoungGen      total 18432K, used 15637K [0x00000000eb580000, 0x00000000eca00000, 0x0000000100000000)
  eden space 15872K, 98% used [0x00000000eb580000,0x00000000ec4c57c0,0x00000000ec500000)
  from space 2560K, 0% used [0x00000000ec780000,0x00000000ec780000,0x00000000eca00000)
  to   space 2560K, 0% used [0x00000000ec500000,0x00000000ec500000,0x00000000ec780000)
 ParOldGen       total 52224K, used 51678K [0x00000000c2000000, 0x00000000c5300000, 0x00000000eb580000)
  object space 52224K, 98% used [0x00000000c2000000,0x00000000c5277860,0x00000000c5300000)
 Metaspace       used 11530K, capacity 11720K, committed 11776K, reserved 1058816K
  class space    used 1416K, capacity 1512K, committed 1536K, reserved 1048576K
Event: 8.694 GC heap after
Heap after GC invocations=14 (full 12):
 PSYoungGen      total 18432K, used 15360K [0x00000000eb580000, 0x00000000eca00000, 0x0000000100000000)
  eden space 15872K, 96% used [0x00000000eb580000,0x00000000ec4803b8,0x00000000ec500000)
  from space 2560K, 0% used [0x00000000ec780000,0x00000000ec780000,0x00000000eca00000)
  to   space 2560K, 0% used [0x00000000ec500000,0x00000000ec500000,0x00000000ec780000)
 ParOldGen       total 52224K, used 51678K [0x00000000c2000000, 0x00000000c5300000, 0x00000000eb580000)
  object space 52224K, 98% used [0x00000000c2000000,0x00000000c5277860,0x00000000c5300000)
 Metaspace       used 11530K, capacity 11720K, committed 11776K, reserved 1058816K
  class space    used 1416K, capacity 1512K, committed 1536K, reserved 1048576K
}
Event: 8.807 GC heap before
{Heap before GC invocations=15 (full 13):
 PSYoungGen      total 18432K, used 15872K [0x00000000eb580000, 0x00000000eca00000, 0x0000000100000000)
  eden space 15872K, 100% used [0x00000000eb580000,0x00000000ec500000,0x00000000ec500000)
  from space 2560K, 0% used [0x00000000ec780000,0x00000000ec780000,0x00000000eca00000)
  to   space 2560K, 0% used [0x00000000ec500000,0x00000000ec500000,0x00000000ec780000)
 ParOldGen       total 56320K, used 55617K [0x00000000c2000000, 0x00000000c5700000, 0x00000000eb580000)
  object space 56320K, 98% used [0x00000000c2000000,0x00000000c5650548,0x00000000c5700000)
 Metaspace       used 11530K, capacity 11720K, committed 11776K, reserved 1058816K
  class space    used 1416K, capacity 1512K, committed 1536K, reserved 1048576K
Event: 8.820 GC heap after
Heap after GC invocations=15 (full 13):
 PSYoungGen      total 18432K, used 11684K [0x00000000eb580000, 0x00000000eca00000, 0x0000000100000000)
  eden space 15872K, 73% used [0x00000000eb580000,0x00000000ec0e90e0,0x00000000ec500000)
  from space 2560K, 0% used [0x00000000ec780000,0x00000000ec780000,0x00000000eca00000)
  to   space 2560K, 0% used [0x00000000ec500000,0x00000000ec500000,0x00000000ec780000)
 ParOldGen       total 56320K, used 55349K [0x00000000c2000000, 0x00000000c5700000, 0x00000000eb580000)
  object space 56320K, 98% used [0x00000000c2000000,0x00000000c560d4f0,0x00000000c5700000)
 Metaspace       used 11530K, capacity 11720K, committed 11776K, reserved 1058816K
  class space    used 1416K, capacity 1512K, committed 1536K, reserved 1048576K
}

Deoptimization events (10 events):
Event: 5.165 Thread 0x00000000177fc000 Uncommon trap: reason=class_check action=maybe_recompile pc=0x0000000002e4b18c method=java.awt.image.AreaAveragingScaleFilter.accumPixels(IIIILjava/awt/image/ColorModel;Ljava/lang/Object;II)V @ 180
Event: 5.168 Thread 0x00000000177fc000 Uncommon trap: reason=class_check action=maybe_recompile pc=0x0000000002e4b18c method=java.awt.image.AreaAveragingScaleFilter.accumPixels(IIIILjava/awt/image/ColorModel;Ljava/lang/Object;II)V @ 180
Event: 5.168 Thread 0x00000000177fc000 Uncommon trap: reason=class_check action=maybe_recompile pc=0x0000000002e4b18c method=java.awt.image.AreaAveragingScaleFilter.accumPixels(IIIILjava/awt/image/ColorModel;Ljava/lang/Object;II)V @ 180
Event: 5.169 Thread 0x00000000177fc000 Uncommon trap: reason=class_check action=maybe_recompile pc=0x0000000002e4b18c method=java.awt.image.AreaAveragingScaleFilter.accumPixels(IIIILjava/awt/image/ColorModel;Ljava/lang/Object;II)V @ 180
Event: 5.787 Thread 0x00000000177fc000 Uncommon trap: reason=unstable_if action=reinterpret pc=0x0000000002fe4458 method=sun.awt.image.ImageRepresentation.getOpaqueRGBImage()Ljava/awt/image/BufferedImage; @ 57
Event: 5.790 Thread 0x0000000016e70800 Uncommon trap: reason=unstable_if action=reinterpret pc=0x0000000002fa8e14 method=sun.font.FontDesignMetrics.charWidth(C)I @ 4
Event: 5.954 Thread 0x000000001518f000 Uncommon trap: reason=unstable_if action=reinterpret pc=0x0000000002fbf32c method=sun.awt.image.IntegerInterleavedRaster.getDataElements(IILjava/lang/Object;)Ljava/lang/Object; @ 43
Event: 5.963 Thread 0x000000001518f000 Uncommon trap: reason=unstable_if action=reinterpret pc=0x0000000002fdfac4 method=sun.awt.image.ImageRepresentation.convertToRGB()V @ 145
Event: 8.226 Thread 0x000000001518f000 Uncommon trap: reason=unstable_if action=reinterpret pc=0x0000000002fe0e1c method=sun.awt.image.ImageRepresentation.getOpaqueRGBImage()Ljava/awt/image/BufferedImage; @ 57
Event: 9.269 Thread 0x00000000179be800 Uncommon trap: reason=range_check action=make_not_entrant pc=0x0000000003026e5c method=java.awt.image.DirectColorModel.setFields()V @ 65

Classes redefined (0 events):
No events

Internal exceptions (10 events):
Event: 0.238 Thread 0x00000000028ed800 Exception <a 'java/security/PrivilegedActionException'> (0x00000000eb60af78) thrown at [C:\re\workspace\8-2-build-windows-amd64-cygwin\jdk8u181\11358\hotspot\src\share\vm\prims\jvm.cpp, line 1435]
Event: 0.239 Thread 0x00000000028ed800 Exception <a 'java/security/PrivilegedActionException'> (0x00000000eb60ebe8) thrown at [C:\re\workspace\8-2-build-windows-amd64-cygwin\jdk8u181\11358\hotspot\src\share\vm\prims\jvm.cpp, line 1435]
Event: 0.240 Thread 0x00000000028ed800 Exception <a 'java/security/PrivilegedActionException'> (0x00000000eb60edf8) thrown at [C:\re\workspace\8-2-build-windows-amd64-cygwin\jdk8u181\11358\hotspot\src\share\vm\prims\jvm.cpp, line 1435]
Event: 0.335 Thread 0x00000000028ed800 Exception <a 'java/io/FileNotFoundException'> (0x00000000eb672160) thrown at [C:\re\workspace\8-2-build-windows-amd64-cygwin\jdk8u181\11358\hotspot\src\share\vm\prims\jni.cpp, line 709]
Event: 0.434 Thread 0x00000000028ed800 Exception <a 'java/lang/NoSuchFieldError': method resolution failed> (0x00000000eb743048) thrown at [C:\re\workspace\8-2-build-windows-amd64-cygwin\jdk8u181\11358\hotspot\src\share\vm\prims\methodHandles.cpp, line 1167]
Event: 0.438 Thread 0x00000000028ed800 Exception <a 'java/lang/NoSuchFieldError': method resolution failed> (0x00000000eb750418) thrown at [C:\re\workspace\8-2-build-windows-amd64-cygwin\jdk8u181\11358\hotspot\src\share\vm\prims\methodHandles.cpp, line 1167]
Event: 0.538 Thread 0x0000000016e70800 Exception <a 'java/io/FileNotFoundException'> (0x00000000eb862268) thrown at [C:\re\workspace\8-2-build-windows-amd64-cygwin\jdk8u181\11358\hotspot\src\share\vm\prims\jni.cpp, line 709]
Event: 5.948 Thread 0x00000000177fc000 Exception <a 'java/lang/OutOfMemoryError'> (0x00000000eb94fa78) thrown at [C:\re\workspace\8-2-build-windows-amd64-cygwin\jdk8u181\11358\hotspot\src\share\vm\gc_interface/collectedHeap.inline.hpp, line 159]
Event: 5.954 Thread 0x000000001518f000 Implicit null exception at 0x0000000002fbf1bd to 0x0000000002fbf311
Event: 8.673 Thread 0x000000001518f000 Exception <a 'java/lang/OutOfMemoryError'> (0x00000000eb9459a8) thrown at [C:\re\workspace\8-2-build-windows-amd64-cygwin\jdk8u181\11358\hotspot\src\share\vm\gc_interface/collectedHeap.inline.hpp, line 159]

Events (10 events):
Event: 9.270 Executing VM operation: RevokeBias done
Event: 9.270 Thread 0x000000001517a000 flushing nmethod 0x0000000002d42150
Event: 9.272 Thread 0x000000001517a000 flushing nmethod 0x0000000002d5d990
Event: 9.272 Thread 0x000000001517a000 flushing nmethod 0x0000000002d7d4d0
Event: 9.272 Thread 0x000000001517a000 flushing nmethod 0x0000000002d90cd0
Event: 9.272 Thread 0x000000001517a000 flushing nmethod 0x0000000002d96c10
Event: 9.272 Thread 0x000000001517a000 flushing nmethod 0x0000000002d97550
Event: 9.274 Thread 0x000000001517a000 flushing nmethod 0x0000000002dec510
Event: 9.276 loading class project/Project$24
Event: 9.276 loading class project/Project$24 done


Dynamic libraries:
0x00007ff661c60000 - 0x00007ff661c97000 	C:\Program Files\Java\jre1.8.0_181\bin\javaw.exe
0x00007ff9e6150000 - 0x00007ff9e6321000 	C:\Windows\SYSTEM32\ntdll.dll
0x00007ff9e4770000 - 0x00007ff9e481b000 	C:\Windows\System32\KERNEL32.DLL
0x00007ff9e3330000 - 0x00007ff9e354d000 	C:\Windows\System32\KERNELBASE.dll
0x00007ff9e3d90000 - 0x00007ff9e3e32000 	C:\Windows\System32\ADVAPI32.dll
0x00007ff9e3e80000 - 0x00007ff9e3f1e000 	C:\Windows\System32\msvcrt.dll
0x00007ff9e3f20000 - 0x00007ff9e3f79000 	C:\Windows\System32\sechost.dll
0x00007ff9e5da0000 - 0x00007ff9e5ec1000 	C:\Windows\System32\RPCRT4.dll
0x00007ff9e5fc0000 - 0x00007ff9e6125000 	C:\Windows\System32\USER32.dll
0x00007ff9e3310000 - 0x00007ff9e332e000 	C:\Windows\System32\win32u.dll
0x00007ff9e3e40000 - 0x00007ff9e3e74000 	C:\Windows\System32\GDI32.dll
0x00007ff9e3550000 - 0x00007ff9e36d2000 	C:\Windows\System32\gdi32full.dll
0x00007ff9d9f10000 - 0x00007ff9da189000 	C:\Windows\WinSxS\amd64_microsoft.windows.common-controls_6595b64144ccf1df_6.0.14393.447_none_42191651c6827bb3\COMCTL32.dll
0x00007ff9e3780000 - 0x00007ff9e3a48000 	C:\Windows\System32\combase.dll
0x00007ff9e2b30000 - 0x00007ff9e2c25000 	C:\Windows\System32\ucrtbase.dll
0x00007ff9e28f0000 - 0x00007ff9e295a000 	C:\Windows\System32\bcryptPrimitives.dll
0x00007ff9e3a60000 - 0x00007ff9e3a8e000 	C:\Windows\System32\IMM32.DLL
0x0000000060780000 - 0x0000000060852000 	C:\Program Files\Java\jre1.8.0_181\bin\msvcr100.dll
0x00000000610b0000 - 0x0000000061952000 	C:\Program Files\Java\jre1.8.0_181\bin\server\jvm.dll
0x00007ff9e5f30000 - 0x00007ff9e5f38000 	C:\Windows\System32\PSAPI.DLL
0x00007ff9e04a0000 - 0x00007ff9e04c3000 	C:\Windows\SYSTEM32\WINMM.dll
0x00007ff9d9110000 - 0x00007ff9d9119000 	C:\Windows\SYSTEM32\WSOCK32.dll
0x00007ff9da4e0000 - 0x00007ff9da4ea000 	C:\Windows\SYSTEM32\VERSION.dll
0x00007ff9e5d30000 - 0x00007ff9e5d9a000 	C:\Windows\System32\WS2_32.dll
0x0000000002840000 - 0x000000000286b000 	C:\Windows\SYSTEM32\WINMMBASE.dll
0x00007ff9e2640000 - 0x00007ff9e2682000 	C:\Windows\System32\cfgmgr32.dll
0x00000000630b0000 - 0x00000000630bf000 	C:\Program Files\Java\jre1.8.0_181\bin\verify.dll
0x0000000063080000 - 0x00000000630a9000 	C:\Program Files\Java\jre1.8.0_181\bin\java.dll
0x0000000063060000 - 0x0000000063076000 	C:\Program Files\Java\jre1.8.0_181\bin\zip.dll
0x00007ff9e4820000 - 0x00007ff9e5d29000 	C:\Windows\System32\SHELL32.dll
0x00007ff9e2c30000 - 0x00007ff9e330a000 	C:\Windows\System32\windows.storage.dll
0x00007ff9e25d0000 - 0x00007ff9e261c000 	C:\Windows\System32\powrprof.dll
0x00007ff9e5ed0000 - 0x00007ff9e5f22000 	C:\Windows\System32\shlwapi.dll
0x00007ff9e2620000 - 0x00007ff9e262f000 	C:\Windows\System32\kernel.appcore.dll
0x00007ff9e27a0000 - 0x00007ff9e2849000 	C:\Windows\System32\shcore.dll
0x00007ff9e25b0000 - 0x00007ff9e25c4000 	C:\Windows\System32\profapi.dll
0x00000000605e0000 - 0x0000000060779000 	C:\Program Files\Java\jre1.8.0_181\bin\awt.dll
0x00007ff9e40c0000 - 0x00007ff9e417f000 	C:\Windows\System32\OLEAUT32.dll
0x00007ff9e2850000 - 0x00007ff9e28ec000 	C:\Windows\System32\msvcp_win.dll
0x00007ff9e0b60000 - 0x00007ff9e0bda000 	C:\Windows\SYSTEM32\apphelp.dll
0x00007ff9e0d00000 - 0x00007ff9e0d95000 	C:\Windows\system32\uxtheme.dll
0x00007ff9e45b0000 - 0x00007ff9e470b000 	C:\Windows\System32\MSCTF.dll
0x00007ff9e0180000 - 0x00007ff9e01a6000 	C:\Windows\system32\dwmapi.dll
0x00007ff9e3f80000 - 0x00007ff9e40b7000 	C:\Windows\System32\ole32.dll
0x00007ff9d4e70000 - 0x00007ff9d4f93000 	C:\Windows\system32\opengl32.dll
0x00007ff9d4a10000 - 0x00007ff9d4a3d000 	C:\Windows\SYSTEM32\GLU32.dll
0x00007ff9d4870000 - 0x00007ff9d4967000 	C:\Windows\SYSTEM32\DDRAW.dll
0x00007ff9d4310000 - 0x00007ff9d4318000 	C:\Windows\SYSTEM32\DCIMAN32.dll
0x0000000060590000 - 0x00000000605d7000 	C:\Program Files\Java\jre1.8.0_181\bin\fontmanager.dll
0x0000000063040000 - 0x000000006305a000 	C:\Program Files\Java\jre1.8.0_181\bin\net.dll
0x00007ff9e1db0000 - 0x00007ff9e1e0c000 	C:\Windows\system32\mswsock.dll
0x0000000063020000 - 0x0000000063031000 	C:\Program Files\Java\jre1.8.0_181\bin\nio.dll
0x0000000060540000 - 0x0000000060582000 	C:\Program Files\Java\jre1.8.0_181\bin\t2k.dll
0x00000000608a0000 - 0x00000000608d1000 	C:\Program Files\Java\jre1.8.0_181\bin\jpeg.dll

VM Arguments:
jvm_args: -Dfile.encoding=Cp1252 
java_command: project.Project
java_class_path (initial): C:\Users\Dell\eclipse-workspace\Institute_Management_Project\bin;C:\Users\Dell\eclipse\mysql-connector-java-8.0.13\mysql-connector-java-8.0.13.jar;C:\Users\Dell\Desktop\jcalendar-1.4\lib\jcalendar-1.4.jar
Launcher Type: SUN_STANDARD

Environment Variables:
PATH=C:/Program Files/Java/jre1.8.0_181/bin/server;C:/Program Files/Java/jre1.8.0_181/bin;C:/Program Files/Java/jre1.8.0_181/lib/amd64;C:\Program Files (x86)\Common Files\Oracle\Java\javapath;C:\Program Files (x86)\Intel\iCLS Client\;C:\Program Files\Intel\iCLS Client\;C:\Windows\system32;C:\Windows;C:\Windows\System32\Wbem;C:\Windows\System32\WindowsPowerShell\v1.0\;C:\Program Files (x86)\Intel\Intel(R) Management Engine Components\DAL;C:\Program Files\Intel\Intel(R) Management Engine Components\DAL;C:\Program Files (x86)\Intel\Intel(R) Management Engine Components\IPT;C:\Program Files\Intel\Intel(R) Management Engine Components\IPT;C:\Program Files\Java\jdk1.8.0_181\bin;C:\Users\Dell\java-2018-093\eclipse;
USERNAME=Dell
OS=Windows_NT
PROCESSOR_IDENTIFIER=Intel64 Family 6 Model 78 Stepping 3, GenuineIntel



---------------  S Y S T E M  ---------------

OS: Windows 10.0 , 64 bit Build 14393 (10.0.14393.0)

CPU:total 4 (initial active 4) (2 cores per cpu, 2 threads per core) family 6 model 78 stepping 3, cmov, cx8, fxsr, mmx, sse, sse2, sse3, ssse3, sse4.1, sse4.2, popcnt, avx, avx2, aes, clmul, erms, 3dnowpref, lzcnt, ht, tsc, tscinvbit, bmi1, bmi2, adx

Memory: 4k page, physical 4060300k(611160k free), swap 16643212k(2696k free)

vm_info: Java HotSpot(TM) 64-Bit Server VM (25.181-b13) for windows-amd64 JRE (1.8.0_181-b13), built on Jul  7 2018 04:01:33 by "java_re" with MS VC++ 10.0 (VS2010)

time: Thu Dec 27 18:03:05 2018
elapsed time: 9 seconds (0d 0h 0m 9s)

