#
# There is insufficient memory for the Java Runtime Environment to continue.
# Native memory allocation (malloc) failed to allocate 32744 bytes for ChunkPool::allocate
# Possible reasons:
#   The system is out of physical RAM or swap space
#   In 32 bit mode, the process size limit was hit
# Possible solutions:
#   Reduce memory load on the system
#   Increase physical memory or swap space
#   Check if swap backing store is full
#   Use 64 bit Java on a 64 bit OS
#   Decrease Java heap size (-Xmx/-Xms)
#   Decrease number of Java threads
#   Decrease Java thread stack sizes (-Xss)
#   Set larger code cache with -XX:ReservedCodeCacheSize=
# This output file may be truncated or incomplete.
#
#  Out of Memory Error (allocation.cpp:273), pid=20168, tid=0x00000000000013f0
#
# JRE version: Java(TM) SE Runtime Environment (8.0_181-b13) (build 1.8.0_181-b13)
# Java VM: Java HotSpot(TM) 64-Bit Server VM (25.181-b13 mixed mode windows-amd64 compressed oops)
# Failed to write core dump. Minidumps are not enabled by default on client versions of Windows
#

---------------  T H R E A D  ---------------

Current thread (0x000000001583f000):  JavaThread "C2 CompilerThread0" daemon [_thread_in_native, id=5104, stack(0x0000000016eb0000,0x0000000016fb0000)]

Stack: [0x0000000016eb0000,0x0000000016fb0000]
[error occurred during error reporting (printing stack bounds), id 0xc0000005]

Native frames: (J=compiled Java code, j=interpreted, Vv=VM code, C=native code)


Current CompileTask:
C2:  56732 2202   !   4       sun.awt.PostEventQueue::flush (168 bytes)


---------------  P R O C E S S  ---------------

Java Threads: ( => current thread )
  0x0000000018555800 JavaThread "Thread-2" [_thread_blocked, id=11044, stack(0x00000000192d0000,0x00000000193d0000)]
  0x000000000309d800 JavaThread "DestroyJavaVM" [_thread_blocked, id=11060, stack(0x00000000030a0000,0x00000000031a0000)]
  0x000000001759f000 JavaThread "AWT-EventQueue-0" [_thread_blocked, id=10000, stack(0x0000000017d80000,0x0000000017e80000)]
  0x0000000017593800 JavaThread "AWT-Windows" daemon [_thread_in_native, id=21584, stack(0x0000000017ae0000,0x0000000017be0000)]
  0x0000000017591000 JavaThread "AWT-Shutdown" [_thread_blocked, id=16512, stack(0x00000000179e0000,0x0000000017ae0000)]
  0x000000001758e800 JavaThread "Java2D Disposer" daemon [_thread_blocked, id=22364, stack(0x00000000178e0000,0x00000000179e0000)]
  0x00000000171d3800 JavaThread "Service Thread" daemon [_thread_blocked, id=32708, stack(0x00000000175b0000,0x00000000176b0000)]
  0x000000001586e000 JavaThread "C1 CompilerThread2" daemon [_thread_blocked, id=3784, stack(0x00000000170b0000,0x00000000171b0000)]
  0x0000000015847000 JavaThread "C2 CompilerThread1" daemon [_thread_blocked, id=29640, stack(0x0000000016fb0000,0x00000000170b0000)]
=>0x000000001583f000 JavaThread "C2 CompilerThread0" daemon [_thread_in_native, id=5104, stack(0x0000000016eb0000,0x0000000016fb0000)]
  0x000000001583c800 JavaThread "Attach Listener" daemon [_thread_blocked, id=31376, stack(0x0000000016db0000,0x0000000016eb0000)]
  0x0000000015839800 JavaThread "Signal Dispatcher" daemon [_thread_blocked, id=17332, stack(0x0000000016cb0000,0x0000000016db0000)]
  0x000000000329b000 JavaThread "Finalizer" daemon [_thread_blocked, id=19664, stack(0x0000000016ac0000,0x0000000016bc0000)]
  0x0000000003290000 JavaThread "Reference Handler" daemon [_thread_blocked, id=24396, stack(0x00000000169c0000,0x0000000016ac0000)]

Other Threads:
  0x0000000015808000 VMThread [stack: 0x00000000168c0000,0x00000000169c0000] [id=33568]
  0x00000000171d5000 WatcherThread [stack: 0x00000000176b0000,0x00000000177b0000] [id=32940]

VM state:not at safepoint (normal execution)

VM Mutex/Monitor currently owned by a thread: None

Heap:
 PSYoungGen      total 52736K, used 33666K [0x00000000eb580000, 0x00000000f0380000, 0x0000000100000000)
  eden space 39424K, 58% used [0x00000000eb580000,0x00000000ecc071b0,0x00000000edc00000)
  from space 13312K, 79% used [0x00000000edc00000,0x00000000ee6599c8,0x00000000ee900000)
  to   space 14848K, 0% used [0x00000000ef500000,0x00000000ef500000,0x00000000f0380000)
 ParOldGen       total 233472K, used 189306K [0x00000000c2000000, 0x00000000d0400000, 0x00000000eb580000)
  object space 233472K, 81% used [0x00000000c2000000,0x00000000cd8de980,0x00000000d0400000)
 Metaspace       used 11684K, capacity 11930K, committed 12032K, reserved 1060864K
  class space    used 1375K, capacity 1451K, committed 1536K, reserved 1048576K

Card table byte_map: [0x0000000012660000,0x0000000012860000] byte_map_base: 0x0000000012050000

Marking Bits: (ParMarkBitMap*) 0x00000000618d2d00
 Begin Bits: [0x0000000012db0000, 0x0000000013d30000)
 End Bits:   [0x0000000013d30000, 0x0000000014cb0000)

Polling page: 0x0000000001730000

CodeCache: size=245760Kb used=7552Kb max_used=7553Kb free=238207Kb
 bounds [0x00000000032a0000, 0x0000000003a10000, 0x00000000122a0000]
 total_blobs=2681 nmethods=2190 adapters=401
 compilation: enabled

Compilation events (10 events):
Event: 51.883 Thread 0x000000001586e000 nmethod 2197 0x00000000039dc610 code [0x00000000039dc7e0, 0x00000000039dd158]
Event: 51.886 Thread 0x000000001586e000 2198       1       java.awt.event.MouseEvent::getX (5 bytes)
Event: 51.887 Thread 0x000000001586e000 nmethod 2198 0x00000000039dc290 code [0x00000000039dc3e0, 0x00000000039dc4f0]
Event: 51.887 Thread 0x000000001586e000 2199       1       java.awt.event.MouseEvent::getY (5 bytes)
Event: 51.887 Thread 0x000000001586e000 nmethod 2199 0x00000000039f5f10 code [0x00000000039f6060, 0x00000000039f6170]
Event: 51.943 Thread 0x000000001586e000 2200   !   3       sun.awt.PostEventQueue::flush (168 bytes)
Event: 51.945 Thread 0x000000001586e000 nmethod 2200 0x00000000039e5290 code [0x00000000039e54e0, 0x00000000039e6608]
Event: 54.429 Thread 0x000000001586e000 2201       3       java.awt.Color::equals (27 bytes)
Event: 54.429 Thread 0x000000001586e000 nmethod 2201 0x00000000039e4b50 code [0x00000000039e4cc0, 0x00000000039e51b0]
Event: 56.677 Thread 0x000000001583f000 2202   !   4       sun.awt.PostEventQueue::flush (168 bytes)

GC Heap History (10 events):
Event: 2.297 GC heap before
{Heap before GC invocations=7 (full 2):
 PSYoungGen      total 32256K, used 608K [0x00000000eb580000, 0x00000000ede00000, 0x0000000100000000)
  eden space 29696K, 0% used [0x00000000eb580000,0x00000000eb580000,0x00000000ed280000)
  from space 2560K, 23% used [0x00000000ed280000,0x00000000ed318000,0x00000000ed500000)
  to   space 1536K, 0% used [0x00000000edc80000,0x00000000edc80000,0x00000000ede00000)
 ParOldGen       total 124928K, used 96677K [0x00000000c2000000, 0x00000000c9a00000, 0x00000000eb580000)
  object space 124928K, 77% used [0x00000000c2000000,0x00000000c7e69628,0x00000000c9a00000)
 Metaspace       used 9734K, capacity 9922K, committed 10112K, reserved 1058816K
  class space    used 1224K, capacity 1321K, committed 1408K, reserved 1048576K
Event: 2.314 GC heap after
Heap after GC invocations=7 (full 2):
 PSYoungGen      total 32256K, used 0K [0x00000000eb580000, 0x00000000ede00000, 0x0000000100000000)
  eden space 29696K, 0% used [0x00000000eb580000,0x00000000eb580000,0x00000000ed280000)
  from space 2560K, 0% used [0x00000000ed280000,0x00000000ed280000,0x00000000ed500000)
  to   space 1536K, 0% used [0x00000000edc80000,0x00000000edc80000,0x00000000ede00000)
 ParOldGen       total 163328K, used 83397K [0x00000000c2000000, 0x00000000cbf80000, 0x00000000eb580000)
  object space 163328K, 51% used [0x00000000c2000000,0x00000000c71714d0,0x00000000cbf80000)
 Metaspace       used 9734K, capacity 9922K, committed 10112K, reserved 1058816K
  class space    used 1224K, capacity 1321K, committed 1408K, reserved 1048576K
}
Event: 6.796 GC heap before
{Heap before GC invocations=8 (full 2):
 PSYoungGen      total 32256K, used 26490K [0x00000000eb580000, 0x00000000ede00000, 0x0000000100000000)
  eden space 29696K, 89% used [0x00000000eb580000,0x00000000ecf5eaf0,0x00000000ed280000)
  from space 2560K, 0% used [0x00000000ed280000,0x00000000ed280000,0x00000000ed500000)
  to   space 1536K, 0% used [0x00000000edc80000,0x00000000edc80000,0x00000000ede00000)
 ParOldGen       total 163328K, used 83397K [0x00000000c2000000, 0x00000000cbf80000, 0x00000000eb580000)
  object space 163328K, 51% used [0x00000000c2000000,0x00000000c71714d0,0x00000000cbf80000)
 Metaspace       used 10444K, capacity 10600K, committed 10880K, reserved 1058816K
  class space    used 1272K, capacity 1354K, committed 1408K, reserved 1048576K
Event: 6.801 GC heap after
Heap after GC invocations=8 (full 2):
 PSYoungGen      total 31232K, used 1520K [0x00000000eb580000, 0x00000000eef80000, 0x0000000100000000)
  eden space 29696K, 0% used [0x00000000eb580000,0x00000000eb580000,0x00000000ed280000)
  from space 1536K, 98% used [0x00000000edc80000,0x00000000eddfc010,0x00000000ede00000)
  to   space 10240K, 0% used [0x00000000ed280000,0x00000000ed280000,0x00000000edc80000)
 ParOldGen       total 163328K, used 97741K [0x00000000c2000000, 0x00000000cbf80000, 0x00000000eb580000)
  object space 163328K, 59% used [0x00000000c2000000,0x00000000c7f734f0,0x00000000cbf80000)
 Metaspace       used 10444K, capacity 10600K, committed 10880K, reserved 1058816K
  class space    used 1272K, capacity 1354K, committed 1408K, reserved 1048576K
}
Event: 7.270 GC heap before
{Heap before GC invocations=9 (full 2):
 PSYoungGen      total 31232K, used 31216K [0x00000000eb580000, 0x00000000eef80000, 0x0000000100000000)
  eden space 29696K, 100% used [0x00000000eb580000,0x00000000ed280000,0x00000000ed280000)
  from space 1536K, 98% used [0x00000000edc80000,0x00000000eddfc010,0x00000000ede00000)
  to   space 10240K, 0% used [0x00000000ed280000,0x00000000ed280000,0x00000000edc80000)
 ParOldGen       total 233472K, used 167725K [0x00000000c2000000, 0x00000000d0400000, 0x00000000eb580000)
  object space 233472K, 71% used [0x00000000c2000000,0x00000000cc3cb500,0x00000000d0400000)
 Metaspace       used 10574K, capacity 10798K, committed 10880K, reserved 1058816K
  class space    used 1280K, capacity 1355K, committed 1408K, reserved 1048576K
Event: 7.277 GC heap after
Heap after GC invocations=9 (full 2):
 PSYoungGen      total 39936K, used 8980K [0x00000000eb580000, 0x00000000ef500000, 0x0000000100000000)
  eden space 29696K, 0% used [0x00000000eb580000,0x00000000eb580000,0x00000000ed280000)
  from space 10240K, 87% used [0x00000000ed280000,0x00000000edb45130,0x00000000edc80000)
  to   space 12288K, 0% used [0x00000000ee900000,0x00000000ee900000,0x00000000ef500000)
 ParOldGen       total 233472K, used 174789K [0x00000000c2000000, 0x00000000d0400000, 0x00000000eb580000)
  object space 233472K, 74% used [0x00000000c2000000,0x00000000ccab1510,0x00000000d0400000)
 Metaspace       used 10574K, capacity 10798K, committed 10880K, reserved 1058816K
  class space    used 1280K, capacity 1355K, committed 1408K, reserved 1048576K
}
Event: 7.460 GC heap before
{Heap before GC invocations=10 (full 2):
 PSYoungGen      total 39936K, used 38676K [0x00000000eb580000, 0x00000000ef500000, 0x0000000100000000)
  eden space 29696K, 100% used [0x00000000eb580000,0x00000000ed280000,0x00000000ed280000)
  from space 10240K, 87% used [0x00000000ed280000,0x00000000edb45130,0x00000000edc80000)
  to   space 12288K, 0% used [0x00000000ee900000,0x00000000ee900000,0x00000000ef500000)
 ParOldGen       total 233472K, used 174789K [0x00000000c2000000, 0x00000000d0400000, 0x00000000eb580000)
  object space 233472K, 74% used [0x00000000c2000000,0x00000000ccab1510,0x00000000d0400000)
 Metaspace       used 10575K, capacity 10798K, committed 10880K, reserved 1058816K
  class space    used 1280K, capacity 1355K, committed 1408K, reserved 1048576K
Event: 7.467 GC heap after
Heap after GC invocations=10 (full 2):
 PSYoungGen      total 51712K, used 8948K [0x00000000eb580000, 0x00000000efb00000, 0x0000000100000000)
  eden space 39424K, 0% used [0x00000000eb580000,0x00000000eb580000,0x00000000edc00000)
  from space 12288K, 72% used [0x00000000ee900000,0x00000000ef1bd130,0x00000000ef500000)
  to   space 13312K, 0% used [0x00000000edc00000,0x00000000edc00000,0x00000000ee900000)
 ParOldGen       total 233472K, used 181853K [0x00000000c2000000, 0x00000000d0400000, 0x00000000eb580000)
  object space 233472K, 77% used [0x00000000c2000000,0x00000000cd197520,0x00000000d0400000)
 Metaspace       used 10575K, capacity 10798K, committed 10880K, reserved 1058816K
  class space    used 1280K, capacity 1355K, committed 1408K, reserved 1048576K
}
Event: 11.104 GC heap before
{Heap before GC invocations=11 (full 2):
 PSYoungGen      total 51712K, used 48372K [0x00000000eb580000, 0x00000000efb00000, 0x0000000100000000)
  eden space 39424K, 100% used [0x00000000eb580000,0x00000000edc00000,0x00000000edc00000)
  from space 12288K, 72% used [0x00000000ee900000,0x00000000ef1bd130,0x00000000ef500000)
  to   space 13312K, 0% used [0x00000000edc00000,0x00000000edc00000,0x00000000ee900000)
 ParOldGen       total 233472K, used 181853K [0x00000000c2000000, 0x00000000d0400000, 0x00000000eb580000)
  object space 233472K, 77% used [0x00000000c2000000,0x00000000cd197520,0x00000000d0400000)
 Metaspace       used 11495K, capacity 11706K, committed 12032K, reserved 1060864K
  class space    used 1351K, capacity 1419K, committed 1536K, reserved 1048576K
Event: 11.116 GC heap after
Heap after GC invocations=11 (full 2):
 PSYoungGen      total 52736K, used 10598K [0x00000000eb580000, 0x00000000f0380000, 0x0000000100000000)
  eden space 39424K, 0% used [0x00000000eb580000,0x00000000eb580000,0x00000000edc00000)
  from space 13312K, 79% used [0x00000000edc00000,0x00000000ee6599c8,0x00000000ee900000)
  to   space 14848K, 0% used [0x00000000ef500000,0x00000000ef500000,0x00000000f0380000)
 ParOldGen       total 233472K, used 189306K [0x00000000c2000000, 0x00000000d0400000, 0x00000000eb580000)
  object space 233472K, 81% used [0x00000000c2000000,0x00000000cd8de980,0x00000000d0400000)
 Metaspace       used 11495K, capacity 11706K, committed 12032K, reserved 1060864K
  class space    used 1351K, capacity 1419K, committed 1536K, reserved 1048576K
}

Deoptimization events (10 events):
Event: 28.322 Thread 0x000000001759f000 Uncommon trap: reason=class_check action=maybe_recompile pc=0x00000000039d13dc method=java.awt.EventQueue.dispatchEventImpl(Ljava/awt/AWTEvent;Ljava/lang/Object;)V @ 18
Event: 28.323 Thread 0x000000001759f000 Uncommon trap: reason=class_check action=maybe_recompile pc=0x00000000039d13dc method=java.awt.EventQueue.dispatchEventImpl(Ljava/awt/AWTEvent;Ljava/lang/Object;)V @ 18
Event: 28.324 Thread 0x000000001759f000 Uncommon trap: reason=class_check action=maybe_recompile pc=0x00000000039d13dc method=java.awt.EventQueue.dispatchEventImpl(Ljava/awt/AWTEvent;Ljava/lang/Object;)V @ 18
Event: 28.324 Thread 0x000000001759f000 Uncommon trap: reason=class_check action=maybe_recompile pc=0x00000000039d13dc method=java.awt.EventQueue.dispatchEventImpl(Ljava/awt/AWTEvent;Ljava/lang/Object;)V @ 18
Event: 32.199 Thread 0x000000001759f000 Uncommon trap: reason=unstable_if action=reinterpret pc=0x00000000038e7ab8 method=java.awt.Font.hashCode()I @ 4
Event: 32.335 Thread 0x000000001759f000 Uncommon trap: reason=class_check action=maybe_recompile pc=0x00000000039b02b0 method=java.awt.EventQueue.setCurrentEventAndMostRecentTimeImpl(Ljava/awt/AWTEvent;)V @ 53
Event: 34.909 Thread 0x000000001759f000 Uncommon trap: reason=class_check action=maybe_recompile pc=0x00000000039b02b0 method=java.awt.EventQueue.setCurrentEventAndMostRecentTimeImpl(Ljava/awt/AWTEvent;)V @ 53
Event: 38.176 Thread 0x000000001759f000 Uncommon trap: reason=class_check action=maybe_recompile pc=0x00000000039b02b0 method=java.awt.EventQueue.setCurrentEventAndMostRecentTimeImpl(Ljava/awt/AWTEvent;)V @ 53
Event: 50.501 Thread 0x000000001759f000 Uncommon trap: reason=unstable_if action=reinterpret pc=0x00000000039cc5e0 method=java.util.concurrent.locks.AbstractQueuedSynchronizer.acquireQueued(Ljava/util/concurrent/locks/AbstractQueuedSynchronizer$Node;I)Z @ 25
Event: 51.886 Thread 0x000000001759f000 Uncommon trap: reason=unstable_if action=reinterpret pc=0x00000000039a25b4 method=sun.awt.PostEventQueue.flush()V @ 23

Classes redefined (0 events):
No events

Internal exceptions (10 events):
Event: 0.232 Thread 0x000000000309d800 Exception <a 'java/security/PrivilegedActionException'> (0x00000000eb60b250) thrown at [C:\re\workspace\8-2-build-windows-amd64-cygwin\jdk8u181\11358\hotspot\src\share\vm\prims\jvm.cpp, line 1435]
Event: 0.250 Thread 0x000000000309d800 Exception <a 'java/io/FileNotFoundException'> (0x00000000eb66e5d8) thrown at [C:\re\workspace\8-2-build-windows-amd64-cygwin\jdk8u181\11358\hotspot\src\share\vm\prims\jni.cpp, line 709]
Event: 0.307 Thread 0x000000000309d800 Exception <a 'java/lang/NoSuchFieldError': method resolution failed> (0x00000000eb73fdb8) thrown at [C:\re\workspace\8-2-build-windows-amd64-cygwin\jdk8u181\11358\hotspot\src\share\vm\prims\methodHandles.cpp, line 1167]
Event: 0.310 Thread 0x000000000309d800 Exception <a 'java/lang/NoSuchFieldError': method resolution failed> (0x00000000eb74d188) thrown at [C:\re\workspace\8-2-build-windows-amd64-cygwin\jdk8u181\11358\hotspot\src\share\vm\prims\methodHandles.cpp, line 1167]
Event: 0.401 Thread 0x000000001759f000 Exception <a 'java/io/FileNotFoundException'> (0x00000000eb857da0) thrown at [C:\re\workspace\8-2-build-windows-amd64-cygwin\jdk8u181\11358\hotspot\src\share\vm\prims\jni.cpp, line 709]
Event: 5.673 Thread 0x00000000182f2000 Implicit null exception at 0x0000000003478c00 to 0x000000000347914d
Event: 6.802 Thread 0x0000000018314000 Implicit null exception at 0x000000000346da7d to 0x000000000346dbd1
Event: 7.090 Thread 0x000000001759f000 Implicit null exception at 0x00000000036ba936 to 0x00000000036bb319
Event: 11.116 Thread 0x000000001759f000 Implicit null exception at 0x0000000003885e99 to 0x0000000003888939
Event: 11.952 Thread 0x000000001759f000 Implicit null exception at 0x00000000038ff68c to 0x00000000039021bd

Events (10 events):
Event: 38.176 Thread 0x000000001759f000 DEOPT PACKING pc=0x00000000039b02b0 sp=0x0000000017e7d810
Event: 38.176 Thread 0x000000001759f000 DEOPT UNPACKING pc=0x00000000032e583b sp=0x0000000017e7d7a8 mode 2
Event: 44.721 Executing VM operation: BulkRevokeBias
Event: 44.721 Executing VM operation: BulkRevokeBias done
Event: 50.501 Thread 0x000000001759f000 Uncommon trap: trap_request=0xffffff65 fr.pc=0x00000000039cc5e0
Event: 50.501 Thread 0x000000001759f000 DEOPT PACKING pc=0x00000000039cc5e0 sp=0x0000000017e7f4e0
Event: 50.501 Thread 0x000000001759f000 DEOPT UNPACKING pc=0x00000000032e583b sp=0x0000000017e7f480 mode 2
Event: 51.886 Thread 0x000000001759f000 Uncommon trap: trap_request=0xffffff65 fr.pc=0x00000000039a25b4
Event: 51.886 Thread 0x000000001759f000 DEOPT PACKING pc=0x00000000039a25b4 sp=0x0000000017e7f4d0
Event: 51.886 Thread 0x000000001759f000 DEOPT UNPACKING pc=0x00000000032e583b sp=0x0000000017e7f4e0 mode 2


Dynamic libraries:
0x00007ff602590000 - 0x00007ff6025c7000 	C:\Program Files\Java\jre1.8.0_181\bin\javaw.exe
0x00007ff9e6150000 - 0x00007ff9e6321000 	C:\Windows\SYSTEM32\ntdll.dll
0x00007ff9e4770000 - 0x00007ff9e481b000 	C:\Windows\System32\KERNEL32.DLL
0x00007ff9e3330000 - 0x00007ff9e354d000 	C:\Windows\System32\KERNELBASE.dll
0x00007ff9e3d90000 - 0x00007ff9e3e32000 	C:\Windows\System32\ADVAPI32.dll
0x00007ff9e3e80000 - 0x00007ff9e3f1e000 	C:\Windows\System32\msvcrt.dll
0x00007ff9e3f20000 - 0x00007ff9e3f79000 	C:\Windows\System32\sechost.dll
0x00007ff9e5da0000 - 0x00007ff9e5ec1000 	C:\Windows\System32\RPCRT4.dll
0x00007ff9e5fc0000 - 0x00007ff9e6125000 	C:\Windows\System32\USER32.dll
0x00007ff9e3310000 - 0x00007ff9e332e000 	C:\Windows\System32\win32u.dll
0x00007ff9e3e40000 - 0x00007ff9e3e74000 	C:\Windows\System32\GDI32.dll
0x00007ff9e3550000 - 0x00007ff9e36d2000 	C:\Windows\System32\gdi32full.dll
0x00007ff9d9f10000 - 0x00007ff9da189000 	C:\Windows\WinSxS\amd64_microsoft.windows.common-controls_6595b64144ccf1df_6.0.14393.447_none_42191651c6827bb3\COMCTL32.dll
0x00007ff9e3780000 - 0x00007ff9e3a48000 	C:\Windows\System32\combase.dll
0x00007ff9e2b30000 - 0x00007ff9e2c25000 	C:\Windows\System32\ucrtbase.dll
0x00007ff9e28f0000 - 0x00007ff9e295a000 	C:\Windows\System32\bcryptPrimitives.dll
0x00007ff9e3a60000 - 0x00007ff9e3a8e000 	C:\Windows\System32\IMM32.DLL
0x0000000060770000 - 0x0000000060842000 	C:\Program Files\Java\jre1.8.0_181\bin\msvcr100.dll
0x00000000610b0000 - 0x0000000061952000 	C:\Program Files\Java\jre1.8.0_181\bin\server\jvm.dll
0x00007ff9e5f30000 - 0x00007ff9e5f38000 	C:\Windows\System32\PSAPI.DLL
0x00007ff9e04a0000 - 0x00007ff9e04c3000 	C:\Windows\SYSTEM32\WINMM.dll
0x00007ff9d9110000 - 0x00007ff9d9119000 	C:\Windows\SYSTEM32\WSOCK32.dll
0x00007ff9e5d30000 - 0x00007ff9e5d9a000 	C:\Windows\System32\WS2_32.dll
0x00007ff9da4e0000 - 0x00007ff9da4ea000 	C:\Windows\SYSTEM32\VERSION.dll
0x00007ff9e0440000 - 0x00007ff9e046b000 	C:\Windows\SYSTEM32\WINMMBASE.dll
0x00007ff9e2640000 - 0x00007ff9e2682000 	C:\Windows\System32\cfgmgr32.dll
0x0000000063030000 - 0x000000006303f000 	C:\Program Files\Java\jre1.8.0_181\bin\verify.dll
0x0000000063000000 - 0x0000000063029000 	C:\Program Files\Java\jre1.8.0_181\bin\java.dll
0x00000000608c0000 - 0x00000000608d6000 	C:\Program Files\Java\jre1.8.0_181\bin\zip.dll
0x00007ff9e4820000 - 0x00007ff9e5d29000 	C:\Windows\System32\SHELL32.dll
0x00007ff9e2c30000 - 0x00007ff9e330a000 	C:\Windows\System32\windows.storage.dll
0x00007ff9e25d0000 - 0x00007ff9e261c000 	C:\Windows\System32\powrprof.dll
0x00007ff9e5ed0000 - 0x00007ff9e5f22000 	C:\Windows\System32\shlwapi.dll
0x00007ff9e2620000 - 0x00007ff9e262f000 	C:\Windows\System32\kernel.appcore.dll
0x00007ff9e27a0000 - 0x00007ff9e2849000 	C:\Windows\System32\shcore.dll
0x00007ff9e25b0000 - 0x00007ff9e25c4000 	C:\Windows\System32\profapi.dll
0x00000000605d0000 - 0x0000000060769000 	C:\Program Files\Java\jre1.8.0_181\bin\awt.dll
0x00007ff9e40c0000 - 0x00007ff9e417f000 	C:\Windows\System32\OLEAUT32.dll
0x00007ff9e2850000 - 0x00007ff9e28ec000 	C:\Windows\System32\msvcp_win.dll
0x00007ff9e0b60000 - 0x00007ff9e0bda000 	C:\Windows\SYSTEM32\apphelp.dll
0x00007ff9e0d00000 - 0x00007ff9e0d95000 	C:\Windows\system32\uxtheme.dll
0x00007ff9e45b0000 - 0x00007ff9e470b000 	C:\Windows\System32\MSCTF.dll
0x00007ff9e0180000 - 0x00007ff9e01a6000 	C:\Windows\system32\dwmapi.dll
0x00007ff9e3f80000 - 0x00007ff9e40b7000 	C:\Windows\System32\ole32.dll
0x00007ff9d4e70000 - 0x00007ff9d4f93000 	C:\Windows\system32\opengl32.dll
0x00007ff9d4870000 - 0x00007ff9d4967000 	C:\Windows\SYSTEM32\DDRAW.dll
0x00007ff9d4a10000 - 0x00007ff9d4a3d000 	C:\Windows\SYSTEM32\GLU32.dll
0x00007ff9d4310000 - 0x00007ff9d4318000 	C:\Windows\SYSTEM32\DCIMAN32.dll
0x0000000060580000 - 0x00000000605c7000 	C:\Program Files\Java\jre1.8.0_181\bin\fontmanager.dll
0x0000000060540000 - 0x0000000060571000 	C:\Program Files\Java\jre1.8.0_181\bin\jpeg.dll
0x00000000608a0000 - 0x00000000608ba000 	C:\Program Files\Java\jre1.8.0_181\bin\net.dll
0x00007ff9e1db0000 - 0x00007ff9e1e0c000 	C:\Windows\system32\mswsock.dll
0x0000000060880000 - 0x0000000060891000 	C:\Program Files\Java\jre1.8.0_181\bin\nio.dll
0x00000000604f0000 - 0x0000000060532000 	C:\Program Files\Java\jre1.8.0_181\bin\t2k.dll
0x0000000180000000 - 0x000000018001c000 	C:\Program Files\Dell\QuickSet\dadkeyb.dll

VM Arguments:
jvm_args: -Dfile.encoding=Cp1252 
java_command: project.AllCourses
java_class_path (initial): C:\Users\Dell\eclipse-workspace\Institute_Management_Project\bin;C:\Users\Dell\eclipse\mysql-connector-java-8.0.13\mysql-connector-java-8.0.13.jar;C:\Users\Dell\Desktop\jcalendar-1.4\lib\jcalendar-1.4.jar
Launcher Type: SUN_STANDARD

Environment Variables:
PATH=C:/Program Files/Java/jre1.8.0_181/bin/server;C:/Program Files/Java/jre1.8.0_181/bin;C:/Program Files/Java/jre1.8.0_181/lib/amd64;C:\Program Files (x86)\Common Files\Oracle\Java\javapath;C:\Program Files (x86)\Intel\iCLS Client\;C:\Program Files\Intel\iCLS Client\;C:\Windows\system32;C:\Windows;C:\Windows\System32\Wbem;C:\Windows\System32\WindowsPowerShell\v1.0\;C:\Program Files (x86)\Intel\Intel(R) Management Engine Components\DAL;C:\Program Files\Intel\Intel(R) Management Engine Components\DAL;C:\Program Files (x86)\Intel\Intel(R) Management Engine Components\IPT;C:\Program Files\Intel\Intel(R) Management Engine Components\IPT;C:\Program Files\Java\jdk1.8.0_181\bin;C:\Users\Dell\java-2018-093\eclipse;
USERNAME=Dell
OS=Windows_NT
PROCESSOR_IDENTIFIER=Intel64 Family 6 Model 78 Stepping 3, GenuineIntel



---------------  S Y S T E M  ---------------

OS: Windows 10.0 , 64 bit Build 14393 (10.0.14393.0)

CPU:total 4 (initial active 4) (2 cores per cpu, 2 threads per core) family 6 model 78 stepping 3, cmov, cx8, fxsr, mmx, sse, sse2, sse3, ssse3, sse4.1, sse4.2, popcnt, avx, avx2, aes, clmul, erms, 3dnowpref, lzcnt, ht, tsc, tscinvbit, bmi1, bmi2, adx

Memory: 4k page, physical 4060300k(813292k free), swap 16643212k(4264k free)

vm_info: Java HotSpot(TM) 64-Bit Server VM (25.181-b13) for windows-amd64 JRE (1.8.0_181-b13), built on Jul  7 2018 04:01:33 by "java_re" with MS VC++ 10.0 (VS2010)

time: Thu Jan 03 18:55:20 2019
elapsed time: 56 seconds (0d 0h 0m 56s)

